{"message":"Unauthorized request to path: /api/auth/","level":"error"}
{"message":"Unauthorized request to path: /api/auth/","level":"error"}
{"message":"Unauthorized request to path: /api/auth/","level":"error"}
{"message":"Unauthorized request to path: /api/auth/","level":"error"}
{"message":"Unauthorized request to path: /api/auth","level":"error"}
{"message":"Unauthorized request to path: /api/auth","level":"error"}
{"message":"Unauthorized request to path: /api/endpoint","level":"error"}
{"message":"Unauthorized request to path: /","level":"error"}
{"message":"getUserWithUserName is not defined","level":"error"}
{"message":"getUserWithUserName is not defined","level":"error"}
{"message":"getUserWithUserName is not defined","level":"error"}
{"message":"getUserWithUserName is not defined","level":"error"}
{"message":"getUserWithUserName is not defined","level":"error"}
{"message":"getUserWithUserName is not defined","level":"error"}
{"message":"getUserWithUserName is not defined","level":"error"}
{"message":"getUserWithUserName is not defined","level":"error"}
{"message":"getUserWithUserNam is not defined","level":"error"}
{"message":"connect ECONNREFUSED 127.0.0.1:5432","level":"error"}
{"message":"connect ECONNREFUSED 127.0.0.1:5432","level":"error"}
{"message":"select * from \"users\" where \"user_name\" = $1 limit $2 - relation \"users\" does not exist","level":"error"}
{"message":"select * from \"users\" where \"user_name\" = $1 limit $2 - relation \"users\" does not exist","level":"error"}
{"message":"select * from \"users\" where \"user_name\" = $1 limit $2 - relation \"users\" does not exist","level":"error"}
{"message":"insert into \"t\" (\"modified\", \"name\", \"t2_id\") values (DEFAULT, $1, $2) returning * - insert or update on table \"t\" violates foreign key constraint \"t_t2_id_fkey\"","level":"error"}
{"message":"serializeData is not defined","level":"error"}
{"message":"select * from \"t\" where \"id\" = $1 limit $2 - invalid input syntax for type integer: \"undefined\"","level":"error"}
{"message":"select * from \"t\" where \"id\" = $1 limit $2 - invalid input syntax for type integer: \"undefined\"","level":"error"}
{"message":"select * from \"t\" where \"id\" = $1 limit $2 - invalid input syntax for type integer: \"undefined\"","level":"error"}
{"message":"select * from \"t\" where \"id\" = $1 limit $2 - invalid input syntax for type integer: \"undefined\"","level":"error"}
{"message":"select * from \"t\" where \"id\" = $1 limit $2 - invalid input syntax for type integer: \"undefined\"","level":"error"}
{"message":"select * from \"t\" where \"id\" = $1 limit $2 - invalid input syntax for type integer: \"undefined\"","level":"error"}
{"message":"select * from \"t\" where \"id\" = $1 limit $2 - invalid input syntax for type integer: \"login\"","level":"error"}
{"message":"select * from \"t\" where \"id\" = $1 limit $2 - invalid input syntax for type integer: \"login\"","level":"error"}
{"message":"select * from \"t\" where \"id\" = $1 limit $2 - invalid input syntax for type integer: \"login\"","level":"error"}
{"message":"select * from \"t\" where \"id\" = $1 limit $2 - invalid input syntax for type integer: \"login\"","level":"error"}
